2023-02-21 19:19:33,997 INFO [main] [Logger.java:112] [TestNG] Running:
  C:\Users\Karyna_Lepekha\AppData\Local\JetBrains\IdeaIC2022.1\temp-testng-customsuite.xml

2023-02-21 19:19:34,034 INFO [main] [Car.java:19] Cars.Car brand is mazda
2023-02-21 19:19:34,034 INFO [main] [Car.java:25] Cars.Car brand is mazda, color is green
2023-02-21 19:19:34,034 INFO [main] [Car.java:31] Cars.Car brand is mazda, color is green, engine volume is 1.6
2023-02-21 19:19:34,035 INFO [main] [Car.java:37] Cars.Car brand is mazda, color is green, engine volume is 1.6, max speed is 2.0
2023-02-21 19:19:34,035 ERROR [main] [Car.java:44] Cars.Car color was changed to gold
2023-02-21 19:19:34,035 ERROR [main] [StrangeColorException.java:11] Cars.Car color is gold
2023-02-21 19:19:34,042 INFO [main] [Car.java:19] Cars.Car brand is toyota
2023-02-21 19:19:34,042 INFO [main] [Car.java:25] Cars.Car brand is toyota, color is white
2023-02-21 19:21:13,276 INFO [main] [Logger.java:112] [TestNG] Running:
  C:\Users\Karyna_Lepekha\AppData\Local\JetBrains\IdeaIC2022.1\temp-testng-customsuite.xml

2023-02-21 19:21:13,313 INFO [main] [Car.java:19] Cars.Car brand is mazda
2023-02-21 19:21:13,314 INFO [main] [Car.java:25] Cars.Car brand is mazda, color is green
2023-02-21 19:21:13,314 INFO [main] [Car.java:31] Cars.Car brand is mazda, color is green, engine volume is 1.6
2023-02-21 19:21:13,314 INFO [main] [Car.java:37] Cars.Car brand is mazda, color is green, engine volume is 1.6, max speed is 2.0
2023-02-21 19:21:13,314 ERROR [main] [Car.java:44] Cars.Car color was changed to gold
2023-02-21 19:21:13,315 ERROR [main] [StrangeColorException.java:11] Cars.Car color is gold
2023-02-21 19:21:13,321 INFO [main] [Car.java:19] Cars.Car brand is toyota
2023-02-21 19:21:13,321 INFO [main] [Car.java:25] Cars.Car brand is toyota, color is white
2023-02-21 19:21:50,207 INFO [main] [Logger.java:112] [TestNG] Running:
  C:\Users\Karyna_Lepekha\AppData\Local\JetBrains\IdeaIC2022.1\temp-testng-customsuite.xml

2023-02-21 19:21:50,243 INFO [main] [Car.java:19] Cars.Car brand is mazda
2023-02-21 19:21:50,244 INFO [main] [Car.java:25] Cars.Car brand is mazda, color is green
2023-02-21 19:21:50,244 INFO [main] [Car.java:31] Cars.Car brand is mazda, color is green, engine volume is 1.6
2023-02-21 19:21:50,245 INFO [main] [Car.java:37] Cars.Car brand is mazda, color is green, engine volume is 1.6, max speed is 2.0
2023-02-21 19:21:50,245 ERROR [main] [Car.java:44] Cars.Car color was changed to gold
2023-02-21 19:21:50,245 ERROR [main] [StrangeColorException.java:11] Cars.Car color is gold
2023-02-21 19:21:50,250 INFO [main] [Car.java:19] Cars.Car brand is toyota
2023-02-21 19:21:50,251 ERROR [main] [StrangeColorException.java:11] Cars.Car color is gold
2023-02-21 19:25:22,713 INFO [main] [Logger.java:112] [TestNG] Running:
  C:\Users\Karyna_Lepekha\AppData\Local\JetBrains\IdeaIC2022.1\temp-testng-customsuite.xml

2023-02-21 19:25:22,749 INFO [main] [Car.java:19] Car brand is mazda
2023-02-21 19:25:22,750 INFO [main] [Car.java:25] Car brand is mazda, color is green
2023-02-21 19:25:22,750 INFO [main] [Car.java:31] Car brand is mazda, color is green, engine volume is 1.6
2023-02-21 19:25:22,750 INFO [main] [Car.java:37] Car brand is mazda, color is green, engine volume is 1.6, max speed is 2.0
2023-02-21 19:25:22,750 ERROR [main] [Car.java:44] Cars.Car color was changed to gold
2023-02-21 19:25:22,751 ERROR [main] [StrangeColorException.java:11] Car color is gold
2023-02-21 19:25:22,756 INFO [main] [Car.java:19] Car brand is toyota
2023-02-21 19:25:22,757 ERROR [main] [StrangeColorException.java:11] Car color is gold
2023-02-21 19:27:38,366 INFO [main] [Logger.java:112] [TestNG] Running:
  C:\Users\Karyna_Lepekha\AppData\Local\JetBrains\IdeaIC2022.1\temp-testng-customsuite.xml

2023-02-21 19:27:38,404 INFO [main] [Car.java:19] Car brand is mazda
2023-02-21 19:27:38,404 INFO [main] [Car.java:25] Car brand is mazda, color is green
2023-02-21 19:27:38,404 INFO [main] [Car.java:31] Car brand is mazda, color is green, engine volume is 1.6
2023-02-21 19:27:38,405 INFO [main] [Car.java:37] Car brand is mazda, color is green, engine volume is 1.6, max speed is 2.0
2023-02-21 19:27:38,405 ERROR [main] [StrangeColorException.java:11] Car color is gold
2023-02-21 19:27:38,412 INFO [main] [Car.java:19] Car brand is toyota
2023-02-21 19:27:38,412 ERROR [main] [StrangeColorException.java:11] Car color is gold
2023-02-21 19:29:31,519 INFO [main] [Logger.java:112] [TestNG] Running:
  C:\Users\Karyna_Lepekha\AppData\Local\JetBrains\IdeaIC2022.1\temp-testng-customsuite.xml

2023-02-21 19:29:31,560 INFO [main] [Car.java:19] Car brand is mazda
2023-02-21 19:29:31,560 INFO [main] [Car.java:25] Car brand is mazda, color is green
2023-02-21 19:29:31,560 INFO [main] [Car.java:31] Car brand is mazda, color is green, engine volume is 1.6
2023-02-21 19:29:31,561 INFO [main] [Car.java:37] Car brand is mazda, color is green, engine volume is 1.6, max speed is 2.0
2023-02-21 19:29:31,561 ERROR [main] [StrangeColorException.java:11] Car color is gold
2023-02-21 19:29:31,567 INFO [main] [Car.java:19] Car brand is toyota
2023-02-21 19:29:31,567 INFO [main] [Car.java:25] Car brand is toyota, color is white
2023-02-21 19:29:31,568 INFO [main] [Car.java:44] Car color was changed to blue
2023-02-21 19:33:38,198 INFO [main] [Logger.java:112] [TestNG] Running:
  C:\Users\Karyna_Lepekha\AppData\Local\JetBrains\IdeaIC2022.1\temp-testng-customsuite.xml

2023-02-21 19:33:38,234 INFO [main] [Car.java:19] Car brand is mazda
2023-02-21 19:33:38,236 INFO [main] [Car.java:25] Car brand is mazda, color is green
2023-02-21 19:33:38,236 INFO [main] [Car.java:31] Car brand is mazda, color is green, engine volume is 1.6
2023-02-21 19:33:38,236 INFO [main] [Car.java:37] Car is class Cars.Car
2023-02-21 19:33:38,236 ERROR [main] [StrangeColorException.java:11] Car color is gold
2023-02-21 19:33:38,242 INFO [main] [Car.java:19] Car brand is toyota
2023-02-21 19:33:38,242 INFO [main] [Car.java:25] Car brand is toyota, color is white
2023-02-21 19:33:38,242 INFO [main] [Car.java:43] Car color was changed to blue
2023-02-21 19:35:29,485 INFO [main] [Logger.java:112] [TestNG] Running:
  C:\Users\Karyna_Lepekha\AppData\Local\JetBrains\IdeaIC2022.1\temp-testng-customsuite.xml

2023-02-21 19:35:29,525 INFO [main] [Car.java:19] Car brand is mazda
2023-02-21 19:35:29,525 INFO [main] [Car.java:24] Car brand is mazda, color is green
2023-02-21 19:35:29,526 INFO [main] [Car.java:29] Car brand is mazda, color is green, engine volume is 1.6
2023-02-21 19:35:29,527 INFO [main] [Car.java:34] Car brand is mazda, color is green, engine volume is 1.6, max speed is 2.0
2023-02-21 19:35:29,527 ERROR [main] [StrangeColorException.java:11] Car color is gold
2023-02-21 19:35:29,533 INFO [main] [Car.java:19] Car brand is toyota
2023-02-21 19:35:29,533 INFO [main] [Car.java:24] Car brand is toyota, color is white
2023-02-21 19:35:29,533 INFO [main] [Car.java:41] Car color was changed to blue
2023-02-21 19:49:42,949 INFO [main] [Logger.java:112] [TestNG] Running:
  C:\Users\Karyna_Lepekha\AppData\Local\JetBrains\IdeaIC2022.1\temp-testng-customsuite.xml

2023-02-21 19:49:42,986 INFO [main] [Car.java:24] Car brand is mazda, color is green
2023-02-21 19:49:42,986 INFO [main] [Car.java:30] Car brand is mazda, color is green, engine volume is 1.6
2023-02-21 19:49:42,987 INFO [main] [Car.java:35] Car brand is mazda, color is green, engine volume is 1.6, max speed is 2.0
2023-02-21 19:49:42,987 ERROR [main] [StrangeColorException.java:11] Car color is gold
2023-02-21 19:49:42,992 INFO [main] [Car.java:24] Car brand is toyota, color is white
2023-02-21 19:49:42,993 INFO [main] [Car.java:42] Car color was changed to blue
2023-02-21 19:50:25,480 INFO [main] [Logger.java:112] [TestNG] Running:
  C:\Users\Karyna_Lepekha\AppData\Local\JetBrains\IdeaIC2022.1\temp-testng-customsuite.xml

2023-02-21 19:50:25,521 INFO [main] [Car.java:38] Car brand is mazda, color is green, engine volume is 1.6, max speed is 2.0
2023-02-21 19:50:25,522 ERROR [main] [StrangeColorException.java:11] Car color is gold
2023-02-21 19:50:25,528 INFO [main] [Car.java:24] Car brand is toyota, color is white
2023-02-21 19:50:25,529 INFO [main] [Car.java:45] Car color was changed to blue
2023-02-21 19:53:38,920 INFO [main] [Logger.java:112] [TestNG] Running:
  C:\Users\Karyna_Lepekha\AppData\Local\JetBrains\IdeaIC2022.1\temp-testng-customsuite.xml

2023-02-21 19:53:38,961 INFO [main] [Car.java:19] Car brand is mazda
2023-02-21 19:53:38,963 INFO [main] [Car.java:24] Car brand is mazda, color is green
2023-02-21 19:53:38,964 ERROR [main] [StrangeColorException.java:11] Car color is gold
2023-02-21 19:53:38,969 INFO [main] [Car.java:31] Car brand is mazda, color is gold, engine volume is 1.6
2023-02-21 19:53:38,970 INFO [main] [Car.java:44] Car color was changed to white
2023-02-21 19:53:38,971 INFO [main] [Car.java:38] Car brand is toyota, color is white, engine volume is 2.0, max speed is 180.0
2023-02-21 19:53:38,972 INFO [main] [Car.java:44] Car color was changed to blue
2023-02-21 19:54:14,339 INFO [main] [Logger.java:112] [TestNG] Running:
  C:\Users\Karyna_Lepekha\AppData\Local\JetBrains\IdeaIC2022.1\temp-testng-customsuite.xml

2023-02-21 19:54:14,378 INFO [main] [Car.java:19] Car brand is mazda
2023-02-21 19:54:14,381 INFO [main] [Car.java:24] Car brand is jeep, color is green
2023-02-21 19:54:14,381 ERROR [main] [StrangeColorException.java:11] Car color is gold
2023-02-21 19:54:14,386 INFO [main] [Car.java:31] Car brand is honda, color is gold, engine volume is 1.6
2023-02-21 19:54:14,387 INFO [main] [Car.java:44] Car color was changed to white
2023-02-21 19:54:14,388 INFO [main] [Car.java:38] Car brand is toyota, color is white, engine volume is 2.0, max speed is 180.0
2023-02-21 19:54:14,389 INFO [main] [Car.java:44] Car color was changed to blue
2023-02-21 19:56:26,255 INFO [main] [Logger.java:112] [TestNG] Running:
  C:\Users\Karyna_Lepekha\AppData\Local\JetBrains\IdeaIC2022.1\temp-testng-customsuite.xml

2023-02-21 19:56:26,296 INFO [main] [Car.java:19] Car brand is mazda
2023-02-21 19:56:26,299 INFO [main] [Car.java:25] Car brand is jeep, color is green
2023-02-21 19:56:26,300 ERROR [main] [StrangeColorException.java:11] Car color is gold
2023-02-21 19:56:26,304 ERROR [main] [StrangeColorException.java:11] Car color is gold
2023-02-21 19:56:26,307 INFO [main] [Car.java:41] Car brand is toyota, color is white, engine volume is 2.0, max speed is 180.0
2023-02-21 19:56:26,308 INFO [main] [Car.java:47] Car color was changed to blue
2023-02-21 19:57:49,484 INFO [main] [Logger.java:112] [TestNG] Running:
  C:\Users\Karyna_Lepekha\AppData\Local\JetBrains\IdeaIC2022.1\temp-testng-customsuite.xml

2023-02-21 19:57:49,524 INFO [main] [Car.java:19] Car brand is mazda
2023-02-21 19:57:49,527 INFO [main] [Car.java:24] Car brand is jeep, color is green
2023-02-21 19:57:49,527 ERROR [main] [StrangeColorException.java:11] Car color is gold
2023-02-21 19:57:49,531 INFO [main] [Car.java:32] Car brand is honda, color is gold, engine volume is 1.6
2023-02-21 19:57:49,532 ERROR [main] [StrangeColorException.java:11] Car color is gold
2023-02-21 19:57:49,535 INFO [main] [Car.java:40] Car brand is toyota, color is white, engine volume is 2.0, max speed is 180.0
2023-02-21 19:57:49,535 INFO [main] [Car.java:47] Car color was changed to blue
2023-02-21 20:06:32,069 INFO [main] [Logger.java:112] [TestNG] Running:
  C:\Users\Karyna_Lepekha\AppData\Local\JetBrains\IdeaIC2022.1\temp-testng-customsuite.xml

2023-02-21 20:06:32,113 INFO [main] [Car.java:19] Car brand is mazda
2023-02-21 20:06:32,116 INFO [main] [Car.java:24] Car brand is jeep, color is green
2023-02-21 20:06:32,116 INFO [main] [Car.java:47] Car color was changed to gold
2023-02-21 20:06:32,116 INFO [main] [Car.java:49] Car color was changed to gold
2023-02-21 20:06:32,118 INFO [main] [Car.java:32] Car brand is honda, color is gold, engine volume is 1.6
2023-02-21 20:06:32,119 ERROR [main] [StrangeColorException.java:11] Car color is gold
2023-02-21 20:06:32,125 INFO [main] [Car.java:40] Car brand is toyota, color is white, engine volume is 2.0, max speed is 180.0
2023-02-21 20:06:32,125 INFO [main] [Car.java:49] Car color was changed to blue
2023-02-21 20:07:38,996 INFO [main] [Logger.java:112] [TestNG] Running:
  C:\Users\Karyna_Lepekha\AppData\Local\JetBrains\IdeaIC2022.1\temp-testng-customsuite.xml

2023-02-21 20:07:39,032 INFO [main] [Car.java:19] Car brand is mazda
2023-02-21 20:07:39,039 INFO [main] [Car.java:24] Car brand is jeep, color is green
2023-02-21 20:07:39,039 INFO [main] [Car.java:47] Car color was changed to gold
2023-02-21 20:07:39,040 INFO [main] [Car.java:32] Car brand is honda, color is gold, engine volume is 1.6
2023-02-21 20:07:39,041 ERROR [main] [StrangeColorException.java:11] Car color is gold
2023-02-21 20:07:39,045 INFO [main] [Car.java:40] Car brand is toyota, color is white, engine volume is 2.0, max speed is 180.0
2023-02-21 20:07:39,046 INFO [main] [Car.java:49] Car color was changed to blue
2023-02-21 20:08:20,815 INFO [main] [Logger.java:112] [TestNG] Running:
  C:\Users\Karyna_Lepekha\AppData\Local\JetBrains\IdeaIC2022.1\temp-testng-customsuite.xml

2023-02-21 20:08:20,860 INFO [main] [Car.java:19] Car brand is mazda
2023-02-21 20:08:20,863 INFO [main] [Car.java:24] Car brand is jeep, color is green
2023-02-21 20:08:20,863 INFO [main] [Car.java:47] Car color was changed to gold
2023-02-21 20:08:20,863 ERROR [main] [StrangeColorException.java:11] Car color is gold
2023-02-21 20:08:20,869 INFO [main] [Car.java:32] Car brand is honda, color is gold, engine volume is 1.6
2023-02-21 20:08:20,871 ERROR [main] [StrangeColorException.java:11] Car color is gold
2023-02-21 20:08:20,873 INFO [main] [Car.java:40] Car brand is toyota, color is white, engine volume is 2.0, max speed is 180.0
2023-02-21 20:08:20,874 INFO [main] [Car.java:50] Car color was changed to blue
2023-02-21 20:09:47,941 INFO [main] [Logger.java:112] [TestNG] Running:
  C:\Users\Karyna_Lepekha\AppData\Local\JetBrains\IdeaIC2022.1\temp-testng-customsuite.xml

2023-02-21 20:09:47,977 INFO [main] [Car.java:19] Car brand is mazda
2023-02-21 20:09:47,979 INFO [main] [Car.java:24] Car brand is jeep, color is green
2023-02-21 20:09:47,979 ERROR [main] [StrangeColorException.java:11] Car color is gold
2023-02-21 20:09:47,984 INFO [main] [Car.java:32] Car brand is honda, color is gold, engine volume is 1.6
2023-02-21 20:09:47,984 ERROR [main] [StrangeColorException.java:11] Car color is gold
2023-02-21 20:09:47,987 INFO [main] [Car.java:40] Car brand is toyota, color is white, engine volume is 2.0, max speed is 180.0
2023-02-21 20:09:47,987 INFO [main] [Car.java:49] Car color was changed to blue
2023-02-21 20:16:06,827 INFO [main] [Logger.java:112] [TestNG] Running:
  C:\Users\Karyna_Lepekha\AppData\Local\JetBrains\IdeaIC2022.1\temp-testng-customsuite.xml

2023-02-21 20:16:06,864 INFO [main] [Car.java:19] Car brand is mazda
2023-02-21 20:16:06,871 INFO [main] [Car.java:25] Car brand is jeep, color is green
2023-02-21 20:16:06,871 ERROR [main] [StrangeColorException.java:11] Car color is gold
2023-02-21 20:16:06,877 ERROR [main] [StrangeColorException.java:11] Car color is gold
2023-02-21 20:16:06,879 INFO [main] [Car.java:41] Car brand is toyota, color is white, engine volume is 2.0, max speed is 180.0
2023-02-21 20:16:06,880 INFO [main] [Car.java:47] Car color was changed to blue
2023-02-21 20:18:03,215 INFO [main] [Logger.java:112] [TestNG] Running:
  C:\Users\Karyna_Lepekha\AppData\Local\JetBrains\IdeaIC2022.1\temp-testng-customsuite.xml

2023-02-21 20:18:03,256 INFO [main] [Car.java:33] Car brand is honda, color is blue, engine volume is 1.6
2023-02-21 20:18:03,260 INFO [main] [Car.java:19] Car brand is mazda
2023-02-21 20:18:03,262 INFO [main] [Car.java:25] Car brand is jeep, color is green
2023-02-21 20:18:03,262 ERROR [main] [StrangeColorException.java:11] Car color is gold
2023-02-21 20:18:03,267 ERROR [main] [StrangeColorException.java:11] Car color is gold
2023-02-21 20:18:03,270 INFO [main] [Car.java:41] Car brand is toyota, color is white, engine volume is 2.0, max speed is 180.0
2023-02-21 20:18:03,271 INFO [main] [Car.java:47] Car color was changed to blue
2023-02-21 20:18:53,804 INFO [main] [Logger.java:112] [TestNG] Running:
  C:\Users\Karyna_Lepekha\AppData\Local\JetBrains\IdeaIC2022.1\temp-testng-customsuite.xml

2023-02-21 20:18:53,844 INFO [main] [Car.java:19] Car brand is mazda
2023-02-21 20:18:53,851 INFO [main] [Car.java:25] Car brand is jeep, color is green
2023-02-21 20:18:53,852 ERROR [main] [StrangeColorException.java:11] Car color is gold
2023-02-21 20:18:53,857 ERROR [main] [StrangeColorException.java:11] Car color is gold
2023-02-21 20:18:53,859 INFO [main] [Car.java:41] Car brand is toyota, color is white, engine volume is 2.0, max speed is 180.0
2023-02-21 20:18:53,860 INFO [main] [Car.java:47] Car color was changed to blue
2023-02-24 22:58:04,345 INFO [main] [Logger.java:112] [TestNG] Running:
  C:\Users\Karyna_Lepekha\AppData\Local\JetBrains\IdeaIC2022.1\temp-testng-customsuite.xml

2023-02-24 22:58:04,417 INFO [main] [Car.java:19] Car brand is mazda
2023-02-24 22:58:04,420 INFO [main] [Car.java:25] Car brand is jeep, color is green
2023-02-24 22:58:04,423 ERROR [main] [StrangeColorException.java:11] Car color is gold
2023-02-24 22:58:04,432 ERROR [main] [StrangeColorException.java:11] Car color is gold
2023-02-24 22:58:04,437 INFO [main] [Car.java:41] Car brand is toyota, color is white, engine volume is 2.0, max speed is 180.0
2023-02-24 22:58:04,437 INFO [main] [Car.java:47] Car color was changed to blue
2023-02-24 22:58:04,440 INFO [main] [Car.java:25] Car brand is bmw, color is black
2023-02-24 22:58:04,441 INFO [main] [Car.java:47] Car color was changed to orange
2023-02-25 12:12:31,223 INFO [main] [Logger.java:112] [Utils] MethodGroupsHelper.collectMethodsByGroup() took 1 ms.
2023-02-25 12:12:31,229 INFO [main] [Logger.java:112] [Utils] MethodGroupsHelper.sortMethods() took 2 ms.
2023-02-25 12:12:31,230 INFO [main] [Logger.java:112] [Utils] MethodGroupsHelper.collectMethodsByGroup() took 0 ms.
2023-02-25 12:12:31,230 INFO [main] [Logger.java:112] [Utils] MethodGroupsHelper.sortMethods() took 0 ms.
2023-02-25 12:12:31,231 INFO [main] [Logger.java:112] [Utils] MethodGroupsHelper.collectMethodsByGroup() took 0 ms.
2023-02-25 12:12:31,231 INFO [main] [Logger.java:112] [Utils] MethodGroupsHelper.sortMethods() took 0 ms.
2023-02-25 12:12:31,231 INFO [main] [Logger.java:112] [Utils] MethodGroupsHelper.collectMethodsByGroup() took 0 ms.
2023-02-25 12:12:31,231 INFO [main] [Logger.java:112] [Utils] MethodGroupsHelper.sortMethods() took 0 ms.
2023-02-25 12:12:31,231 INFO [main] [Logger.java:112] [Utils] MethodGroupsHelper.collectMethodsByGroup() took 0 ms.
2023-02-25 12:12:31,231 INFO [main] [Logger.java:112] [Utils] MethodGroupsHelper.sortMethods() took 0 ms.
2023-02-25 12:12:31,231 INFO [main] [Logger.java:112] [Utils] MethodGroupsHelper.collectMethodsByGroup() took 0 ms.
2023-02-25 12:12:31,232 INFO [main] [Logger.java:112] [Utils] MethodGroupsHelper.sortMethods() took 0 ms.
2023-02-25 12:12:31,232 INFO [main] [Logger.java:112] [Utils] MethodGroupsHelper.collectMethodsByGroup() took 0 ms.
2023-02-25 12:12:31,232 INFO [main] [Logger.java:112] [Utils] MethodGroupsHelper.sortMethods() took 0 ms.
2023-02-25 12:12:31,233 INFO [main] [Logger.java:112] [Utils] MethodGroupsHelper.collectMethodsByGroup() took 0 ms.
2023-02-25 12:12:31,233 INFO [main] [Logger.java:112] [Utils] MethodGroupsHelper.sortMethods() took 0 ms.
2023-02-25 12:12:31,238 INFO [main] [Logger.java:112] [Utils] MethodGroupsHelper.collectMethodsByGroup() took 0 ms.
2023-02-25 12:12:31,239 INFO [main] [Logger.java:112] [Utils] MethodGroupsHelper.sortMethods() took 0 ms.
2023-02-25 12:12:31,239 INFO [main] [Logger.java:112] [Utils] MethodGroupsHelper.collectMethodsByGroup() took 0 ms.
2023-02-25 12:12:31,239 INFO [main] [Logger.java:112] [Utils] MethodGroupsHelper.sortMethods() took 0 ms.
2023-02-25 12:12:31,241 INFO [main] [Logger.java:112] [Utils] MethodGroupsHelper.collectMethodsByGroup() took 0 ms.
2023-02-25 12:12:31,241 INFO [main] [Logger.java:112] [Utils] MethodGroupsHelper.sortMethods() took 0 ms.
2023-02-25 12:12:31,241 INFO [main] [Logger.java:112] [Utils] MethodGroupsHelper.collectMethodsByGroup() took 0 ms.
2023-02-25 12:12:31,241 INFO [main] [Logger.java:112] [Utils] MethodGroupsHelper.sortMethods() took 0 ms.
2023-02-25 12:12:31,246 INFO [main] [Logger.java:112] [Utils] MethodGroupsHelper.collectMethodsByGroup() took 3 ms.
2023-02-25 12:12:31,252 INFO [main] [Logger.java:112] [Utils] MethodGroupsHelper.sortMethods() took 6 ms.
2023-02-25 12:12:31,253 INFO [main] [Logger.java:112] [Utils] MethodGroupsHelper.collectMethodsByGroup() took 0 ms.
2023-02-25 12:12:31,253 INFO [main] [Logger.java:112] [Utils] MethodGroupsHelper.sortMethods() took 0 ms.
2023-02-25 12:12:31,253 INFO [main] [Logger.java:112] [Utils] MethodGroupsHelper.collectMethodsByGroup() took 0 ms.
2023-02-25 12:12:31,254 INFO [main] [Logger.java:112] [Utils] MethodGroupsHelper.sortMethods() took 0 ms.
2023-02-25 12:12:31,257 INFO [main] [Logger.java:112] [TestNG] Running:
  C:\Users\Karyna_Lepekha\Desktop\Automation\Automation course\TestNG\src\main\resources\testng.xml

2023-02-25 12:12:31,271 INFO [main] [Logger.java:112] [Utils] DynamicGraphHelper.createDynamicGraph() took 5 ms.
2023-02-25 12:12:31,358 INFO [main] [Logger.java:112] [TestNG] Time taken by org.testng.internal.ExitCodeListener@35dab4eb: 0 ms
2023-02-25 12:16:40,906 INFO [main] [Logger.java:112] [Utils] MethodGroupsHelper.collectMethodsByGroup() took 1 ms.
2023-02-25 12:16:40,910 INFO [main] [Logger.java:112] [Utils] MethodGroupsHelper.sortMethods() took 1 ms.
2023-02-25 12:16:40,912 INFO [main] [Logger.java:112] [Utils] MethodGroupsHelper.collectMethodsByGroup() took 0 ms.
2023-02-25 12:16:40,912 INFO [main] [Logger.java:112] [Utils] MethodGroupsHelper.sortMethods() took 0 ms.
2023-02-25 12:16:40,912 INFO [main] [Logger.java:112] [Utils] MethodGroupsHelper.collectMethodsByGroup() took 0 ms.
2023-02-25 12:16:40,912 INFO [main] [Logger.java:112] [Utils] MethodGroupsHelper.sortMethods() took 0 ms.
2023-02-25 12:16:40,912 INFO [main] [Logger.java:112] [Utils] MethodGroupsHelper.collectMethodsByGroup() took 0 ms.
2023-02-25 12:16:40,913 INFO [main] [Logger.java:112] [Utils] MethodGroupsHelper.sortMethods() took 0 ms.
2023-02-25 12:16:40,913 INFO [main] [Logger.java:112] [Utils] MethodGroupsHelper.collectMethodsByGroup() took 0 ms.
2023-02-25 12:16:40,913 INFO [main] [Logger.java:112] [Utils] MethodGroupsHelper.sortMethods() took 0 ms.
2023-02-25 12:16:40,913 INFO [main] [Logger.java:112] [Utils] MethodGroupsHelper.collectMethodsByGroup() took 0 ms.
2023-02-25 12:16:40,913 INFO [main] [Logger.java:112] [Utils] MethodGroupsHelper.sortMethods() took 0 ms.
2023-02-25 12:16:40,913 INFO [main] [Logger.java:112] [Utils] MethodGroupsHelper.collectMethodsByGroup() took 0 ms.
2023-02-25 12:16:40,914 INFO [main] [Logger.java:112] [Utils] MethodGroupsHelper.sortMethods() took 0 ms.
2023-02-25 12:16:40,914 INFO [main] [Logger.java:112] [Utils] MethodGroupsHelper.collectMethodsByGroup() took 0 ms.
2023-02-25 12:16:40,914 INFO [main] [Logger.java:112] [Utils] MethodGroupsHelper.sortMethods() took 0 ms.
2023-02-25 12:16:40,917 INFO [main] [Logger.java:112] [Utils] MethodGroupsHelper.collectMethodsByGroup() took 0 ms.
2023-02-25 12:16:40,917 INFO [main] [Logger.java:112] [Utils] MethodGroupsHelper.sortMethods() took 0 ms.
2023-02-25 12:16:40,917 INFO [main] [Logger.java:112] [Utils] MethodGroupsHelper.collectMethodsByGroup() took 0 ms.
2023-02-25 12:16:40,917 INFO [main] [Logger.java:112] [Utils] MethodGroupsHelper.sortMethods() took 0 ms.
2023-02-25 12:16:40,918 INFO [main] [Logger.java:112] [Utils] MethodGroupsHelper.collectMethodsByGroup() took 0 ms.
2023-02-25 12:16:40,918 INFO [main] [Logger.java:112] [Utils] MethodGroupsHelper.sortMethods() took 0 ms.
2023-02-25 12:16:40,918 INFO [main] [Logger.java:112] [Utils] MethodGroupsHelper.collectMethodsByGroup() took 0 ms.
2023-02-25 12:16:40,918 INFO [main] [Logger.java:112] [Utils] MethodGroupsHelper.sortMethods() took 0 ms.
2023-02-25 12:16:40,922 INFO [main] [Logger.java:112] [Utils] MethodGroupsHelper.collectMethodsByGroup() took 3 ms.
2023-02-25 12:16:40,932 INFO [main] [Logger.java:112] [Utils] MethodGroupsHelper.sortMethods() took 9 ms.
2023-02-25 12:16:40,933 INFO [main] [Logger.java:112] [Utils] MethodGroupsHelper.collectMethodsByGroup() took 0 ms.
2023-02-25 12:16:40,934 INFO [main] [Logger.java:112] [Utils] MethodGroupsHelper.sortMethods() took 0 ms.
2023-02-25 12:16:40,934 INFO [main] [Logger.java:112] [Utils] MethodGroupsHelper.collectMethodsByGroup() took 0 ms.
2023-02-25 12:16:40,934 INFO [main] [Logger.java:112] [Utils] MethodGroupsHelper.sortMethods() took 0 ms.
2023-02-25 12:16:40,951 INFO [main] [Logger.java:112] [Utils] DynamicGraphHelper.createDynamicGraph() took 4 ms.
2023-02-25 12:16:41,049 INFO [main] [Logger.java:112] [TestNG] Time taken by org.testng.internal.ExitCodeListener@68746f22: 0 ms
2023-02-25 12:16:41,071 INFO [main] [Logger.java:112] [TestNG] Time taken by org.testng.reporters.SuiteHTMLReporter@38af9828: 22 ms
2023-02-25 12:16:41,110 INFO [main] [Logger.java:112] [TestNG] Time taken by org.testng.reporters.jq.Main@39b43d60: 39 ms
2023-02-25 12:16:41,110 INFO [main] [Logger.java:112] [TestNG] Time taken by org.testng.reporters.FailedReporter@44be0077: 0 ms
2023-02-25 12:16:41,122 INFO [main] [Logger.java:112] [TestNG] Time taken by org.testng.reporters.XMLReporter@6f1c29b7: 11 ms
2023-02-25 12:16:41,127 INFO [main] [Logger.java:112] [TestNG] Time taken by org.testng.reporters.EmailableReporter2@4e928fbf: 5 ms
2023-02-25 12:16:41,132 INFO [main] [Logger.java:112] [TestNG] Time taken by org.testng.reporters.JUnitReportReporter@1130520d: 5 ms
2023-02-25 12:24:08,743 INFO [main] [Logger.java:112] [Utils] MethodGroupsHelper.collectMethodsByGroup() took 0 ms.
2023-02-25 12:24:08,747 INFO [main] [Logger.java:112] [Utils] MethodGroupsHelper.sortMethods() took 0 ms.
2023-02-25 12:24:08,748 INFO [main] [Logger.java:112] [Utils] MethodGroupsHelper.collectMethodsByGroup() took 0 ms.
2023-02-25 12:24:08,748 INFO [main] [Logger.java:112] [Utils] MethodGroupsHelper.sortMethods() took 0 ms.
2023-02-25 12:24:08,749 INFO [main] [Logger.java:112] [Utils] MethodGroupsHelper.collectMethodsByGroup() took 0 ms.
2023-02-25 12:24:08,749 INFO [main] [Logger.java:112] [Utils] MethodGroupsHelper.sortMethods() took 0 ms.
2023-02-25 12:24:08,749 INFO [main] [Logger.java:112] [Utils] MethodGroupsHelper.collectMethodsByGroup() took 0 ms.
2023-02-25 12:24:08,749 INFO [main] [Logger.java:112] [Utils] MethodGroupsHelper.sortMethods() took 0 ms.
2023-02-25 12:24:08,749 INFO [main] [Logger.java:112] [Utils] MethodGroupsHelper.collectMethodsByGroup() took 0 ms.
2023-02-25 12:24:08,749 INFO [main] [Logger.java:112] [Utils] MethodGroupsHelper.sortMethods() took 0 ms.
2023-02-25 12:24:08,750 INFO [main] [Logger.java:112] [Utils] MethodGroupsHelper.collectMethodsByGroup() took 0 ms.
2023-02-25 12:24:08,750 INFO [main] [Logger.java:112] [Utils] MethodGroupsHelper.sortMethods() took 0 ms.
2023-02-25 12:24:08,750 INFO [main] [Logger.java:112] [Utils] MethodGroupsHelper.collectMethodsByGroup() took 0 ms.
2023-02-25 12:24:08,751 INFO [main] [Logger.java:112] [Utils] MethodGroupsHelper.sortMethods() took 0 ms.
2023-02-25 12:24:08,751 INFO [main] [Logger.java:112] [Utils] MethodGroupsHelper.collectMethodsByGroup() took 0 ms.
2023-02-25 12:24:08,751 INFO [main] [Logger.java:112] [Utils] MethodGroupsHelper.sortMethods() took 0 ms.
2023-02-25 12:24:08,753 INFO [main] [Logger.java:112] [Utils] MethodGroupsHelper.collectMethodsByGroup() took 0 ms.
2023-02-25 12:24:08,753 INFO [main] [Logger.java:112] [Utils] MethodGroupsHelper.sortMethods() took 0 ms.
2023-02-25 12:24:08,753 INFO [main] [Logger.java:112] [Utils] MethodGroupsHelper.collectMethodsByGroup() took 0 ms.
2023-02-25 12:24:08,754 INFO [main] [Logger.java:112] [Utils] MethodGroupsHelper.sortMethods() took 0 ms.
2023-02-25 12:24:08,754 INFO [main] [Logger.java:112] [Utils] MethodGroupsHelper.collectMethodsByGroup() took 0 ms.
2023-02-25 12:24:08,754 INFO [main] [Logger.java:112] [Utils] MethodGroupsHelper.sortMethods() took 0 ms.
2023-02-25 12:24:08,754 INFO [main] [Logger.java:112] [Utils] MethodGroupsHelper.collectMethodsByGroup() took 0 ms.
2023-02-25 12:24:08,755 INFO [main] [Logger.java:112] [Utils] MethodGroupsHelper.sortMethods() took 0 ms.
2023-02-25 12:24:08,758 INFO [main] [Logger.java:112] [Utils] MethodGroupsHelper.collectMethodsByGroup() took 2 ms.
2023-02-25 12:24:08,768 INFO [main] [Logger.java:112] [Utils] MethodGroupsHelper.sortMethods() took 8 ms.
2023-02-25 12:24:08,769 INFO [main] [Logger.java:112] [Utils] MethodGroupsHelper.collectMethodsByGroup() took 0 ms.
2023-02-25 12:24:08,769 INFO [main] [Logger.java:112] [Utils] MethodGroupsHelper.sortMethods() took 0 ms.
2023-02-25 12:24:08,769 INFO [main] [Logger.java:112] [Utils] MethodGroupsHelper.collectMethodsByGroup() took 0 ms.
2023-02-25 12:24:08,769 INFO [main] [Logger.java:112] [Utils] MethodGroupsHelper.sortMethods() took 0 ms.
2023-02-25 12:24:08,784 INFO [main] [Logger.java:112] [Utils] DynamicGraphHelper.createDynamicGraph() took 3 ms.
2023-02-25 12:24:08,867 INFO [main] [Logger.java:112] [TestNG] Time taken by org.testng.internal.ExitCodeListener@68746f22: 0 ms
2023-02-25 12:24:08,887 INFO [main] [Logger.java:112] [TestNG] Time taken by org.testng.reporters.SuiteHTMLReporter@9cb8225: 20 ms
2023-02-25 12:24:08,914 ERROR [main] [Logger.java:165] C:\Users\Karyna_Lepekha\Desktop\Automation\Automation course\TestNG\target\surefire-reports\jquery-3.6.0.min.js
java.nio.file.FileAlreadyExistsException: C:\Users\Karyna_Lepekha\Desktop\Automation\Automation course\TestNG\target\surefire-reports\jquery-3.6.0.min.js
	at java.base/sun.nio.fs.WindowsException.translateToIOException(WindowsException.java:87)
	at java.base/sun.nio.fs.WindowsException.rethrowAsIOException(WindowsException.java:103)
	at java.base/sun.nio.fs.WindowsException.rethrowAsIOException(WindowsException.java:108)
	at java.base/sun.nio.fs.WindowsFileSystemProvider.newByteChannel(WindowsFileSystemProvider.java:236)
	at java.base/java.nio.file.spi.FileSystemProvider.newOutputStream(FileSystemProvider.java:484)
	at java.base/java.nio.file.Files.newOutputStream(Files.java:228)
	at java.base/java.nio.file.Files.copy(Files.java:3161)
	at org.testng.reporters.jq.Main.generateReport(Main.java:95)
	at org.testng.TestNG.generateReports(TestNG.java:1134)
	at org.testng.TestNG.run(TestNG.java:1072)
	at org.apache.maven.surefire.testng.TestNGExecutor.run(TestNGExecutor.java:324)
	at org.apache.maven.surefire.testng.TestNGXmlTestSuite.execute(TestNGXmlTestSuite.java:74)
	at org.apache.maven.surefire.testng.TestNGProvider.invoke(TestNGProvider.java:123)
	at org.apache.maven.surefire.booter.ForkedBooter.runSuitesInProcess(ForkedBooter.java:456)
	at org.apache.maven.surefire.booter.ForkedBooter.execute(ForkedBooter.java:169)
	at org.apache.maven.surefire.booter.ForkedBooter.run(ForkedBooter.java:595)
	at org.apache.maven.surefire.booter.ForkedBooter.main(ForkedBooter.java:581)
2023-02-25 12:24:08,916 INFO [main] [Logger.java:112] [TestNG] Time taken by org.testng.reporters.jq.Main@26adfd2d: 29 ms
2023-02-25 12:24:08,916 INFO [main] [Logger.java:112] [TestNG] Time taken by org.testng.reporters.FailedReporter@3336e6b6: 0 ms
2023-02-25 12:24:08,928 INFO [main] [Logger.java:112] [TestNG] Time taken by org.testng.reporters.XMLReporter@51a9ad5e: 12 ms
2023-02-25 12:24:08,935 INFO [main] [Logger.java:112] [TestNG] Time taken by org.testng.reporters.EmailableReporter2@3fa247d1: 7 ms
2023-02-25 12:24:08,940 INFO [main] [Logger.java:112] [TestNG] Time taken by org.testng.reporters.JUnitReportReporter@4fa1c212: 5 ms
2023-02-25 12:45:08,283 INFO [main] [Logger.java:112] [Utils] MethodGroupsHelper.collectMethodsByGroup() took 0 ms.
2023-02-25 12:45:08,287 INFO [main] [Logger.java:112] [Utils] MethodGroupsHelper.sortMethods() took 0 ms.
2023-02-25 12:45:08,288 INFO [main] [Logger.java:112] [Utils] MethodGroupsHelper.collectMethodsByGroup() took 0 ms.
2023-02-25 12:45:08,288 INFO [main] [Logger.java:112] [Utils] MethodGroupsHelper.sortMethods() took 0 ms.
2023-02-25 12:45:08,289 INFO [main] [Logger.java:112] [Utils] MethodGroupsHelper.collectMethodsByGroup() took 0 ms.
2023-02-25 12:45:08,289 INFO [main] [Logger.java:112] [Utils] MethodGroupsHelper.sortMethods() took 0 ms.
2023-02-25 12:45:08,289 INFO [main] [Logger.java:112] [Utils] MethodGroupsHelper.collectMethodsByGroup() took 0 ms.
2023-02-25 12:45:08,289 INFO [main] [Logger.java:112] [Utils] MethodGroupsHelper.sortMethods() took 0 ms.
2023-02-25 12:45:08,289 INFO [main] [Logger.java:112] [Utils] MethodGroupsHelper.collectMethodsByGroup() took 0 ms.
2023-02-25 12:45:08,290 INFO [main] [Logger.java:112] [Utils] MethodGroupsHelper.sortMethods() took 0 ms.
2023-02-25 12:45:08,290 INFO [main] [Logger.java:112] [Utils] MethodGroupsHelper.collectMethodsByGroup() took 0 ms.
2023-02-25 12:45:08,290 INFO [main] [Logger.java:112] [Utils] MethodGroupsHelper.sortMethods() took 0 ms.
2023-02-25 12:45:08,290 INFO [main] [Logger.java:112] [Utils] MethodGroupsHelper.collectMethodsByGroup() took 0 ms.
2023-02-25 12:45:08,290 INFO [main] [Logger.java:112] [Utils] MethodGroupsHelper.sortMethods() took 0 ms.
2023-02-25 12:45:08,290 INFO [main] [Logger.java:112] [Utils] MethodGroupsHelper.collectMethodsByGroup() took 0 ms.
2023-02-25 12:45:08,290 INFO [main] [Logger.java:112] [Utils] MethodGroupsHelper.sortMethods() took 0 ms.
2023-02-25 12:45:08,293 INFO [main] [Logger.java:112] [Utils] MethodGroupsHelper.collectMethodsByGroup() took 0 ms.
2023-02-25 12:45:08,293 INFO [main] [Logger.java:112] [Utils] MethodGroupsHelper.sortMethods() took 0 ms.
2023-02-25 12:45:08,293 INFO [main] [Logger.java:112] [Utils] MethodGroupsHelper.collectMethodsByGroup() took 0 ms.
2023-02-25 12:45:08,293 INFO [main] [Logger.java:112] [Utils] MethodGroupsHelper.sortMethods() took 0 ms.
2023-02-25 12:45:08,294 INFO [main] [Logger.java:112] [Utils] MethodGroupsHelper.collectMethodsByGroup() took 0 ms.
2023-02-25 12:45:08,294 INFO [main] [Logger.java:112] [Utils] MethodGroupsHelper.sortMethods() took 0 ms.
2023-02-25 12:45:08,294 INFO [main] [Logger.java:112] [Utils] MethodGroupsHelper.collectMethodsByGroup() took 0 ms.
2023-02-25 12:45:08,294 INFO [main] [Logger.java:112] [Utils] MethodGroupsHelper.sortMethods() took 0 ms.
2023-02-25 12:45:08,297 INFO [main] [Logger.java:112] [Utils] MethodGroupsHelper.collectMethodsByGroup() took 2 ms.
2023-02-25 12:45:08,305 INFO [main] [Logger.java:112] [Utils] MethodGroupsHelper.sortMethods() took 7 ms.
2023-02-25 12:45:08,307 INFO [main] [Logger.java:112] [Utils] MethodGroupsHelper.collectMethodsByGroup() took 0 ms.
2023-02-25 12:45:08,307 INFO [main] [Logger.java:112] [Utils] MethodGroupsHelper.sortMethods() took 0 ms.
2023-02-25 12:45:08,307 INFO [main] [Logger.java:112] [Utils] MethodGroupsHelper.collectMethodsByGroup() took 0 ms.
2023-02-25 12:45:08,307 INFO [main] [Logger.java:112] [Utils] MethodGroupsHelper.sortMethods() took 0 ms.
2023-02-25 12:45:08,323 INFO [main] [Logger.java:112] [Utils] DynamicGraphHelper.createDynamicGraph() took 3 ms.
2023-02-25 12:45:08,346 INFO [main] [Car.java:19] Car brand is mazda
2023-02-25 12:45:08,349 INFO [main] [Car.java:25] Car brand is jeep, color is green
2023-02-25 12:45:08,349 ERROR [main] [StrangeColorException.java:11] Car color is gold
2023-02-25 12:45:08,363 ERROR [main] [StrangeColorException.java:11] Car color is gold
2023-02-25 12:45:08,365 INFO [main] [Car.java:41] Car brand is toyota, color is white, engine volume is 2.0, max speed is 180.0
2023-02-25 12:45:08,366 INFO [main] [Car.java:47] Car color was changed to blue
2023-02-25 12:45:08,367 INFO [main] [Car.java:25] Car brand is bmw, color is black
2023-02-25 12:45:08,367 INFO [main] [Car.java:47] Car color was changed to orange
2023-02-25 12:45:08,403 INFO [main] [Logger.java:112] [TestNG] Time taken by org.testng.internal.ExitCodeListener@24959ca4: 0 ms
2023-02-25 12:45:08,422 INFO [main] [Logger.java:112] [TestNG] Time taken by org.testng.reporters.SuiteHTMLReporter@50f6ac94: 19 ms
2023-02-25 12:45:08,447 ERROR [main] [Logger.java:165] C:\Users\Karyna_Lepekha\Desktop\Automation\Automation course\TestNG\target\surefire-reports\jquery-3.6.0.min.js
java.nio.file.FileAlreadyExistsException: C:\Users\Karyna_Lepekha\Desktop\Automation\Automation course\TestNG\target\surefire-reports\jquery-3.6.0.min.js
	at java.base/sun.nio.fs.WindowsException.translateToIOException(WindowsException.java:87)
	at java.base/sun.nio.fs.WindowsException.rethrowAsIOException(WindowsException.java:103)
	at java.base/sun.nio.fs.WindowsException.rethrowAsIOException(WindowsException.java:108)
	at java.base/sun.nio.fs.WindowsFileSystemProvider.newByteChannel(WindowsFileSystemProvider.java:236)
	at java.base/java.nio.file.spi.FileSystemProvider.newOutputStream(FileSystemProvider.java:484)
	at java.base/java.nio.file.Files.newOutputStream(Files.java:228)
	at java.base/java.nio.file.Files.copy(Files.java:3161)
	at org.testng.reporters.jq.Main.generateReport(Main.java:95)
	at org.testng.TestNG.generateReports(TestNG.java:1134)
	at org.testng.TestNG.run(TestNG.java:1072)
	at org.apache.maven.surefire.testng.TestNGExecutor.run(TestNGExecutor.java:324)
	at org.apache.maven.surefire.testng.TestNGXmlTestSuite.execute(TestNGXmlTestSuite.java:74)
	at org.apache.maven.surefire.testng.TestNGProvider.invoke(TestNGProvider.java:123)
	at org.apache.maven.surefire.booter.ForkedBooter.runSuitesInProcess(ForkedBooter.java:456)
	at org.apache.maven.surefire.booter.ForkedBooter.execute(ForkedBooter.java:169)
	at org.apache.maven.surefire.booter.ForkedBooter.run(ForkedBooter.java:595)
	at org.apache.maven.surefire.booter.ForkedBooter.main(ForkedBooter.java:581)
2023-02-25 12:45:08,448 INFO [main] [Logger.java:112] [TestNG] Time taken by org.testng.reporters.jq.Main@6b0d80ed: 26 ms
2023-02-25 12:45:08,458 INFO [main] [Logger.java:112] [TestNG] Time taken by org.testng.reporters.FailedReporter@791d1f8b: 10 ms
2023-02-25 12:45:08,465 INFO [main] [Logger.java:112] [TestNG] Time taken by org.testng.reporters.XMLReporter@6dd7b5a3: 7 ms
2023-02-25 12:45:08,471 INFO [main] [Logger.java:112] [TestNG] Time taken by org.testng.reporters.EmailableReporter2@609bcfb6: 6 ms
2023-02-25 12:45:08,477 INFO [main] [Logger.java:112] [TestNG] Time taken by org.testng.reporters.JUnitReportReporter@6f1c29b7: 5 ms
2023-02-25 12:46:11,302 INFO [main] [Logger.java:112] [Utils] MethodGroupsHelper.collectMethodsByGroup() took 0 ms.
2023-02-25 12:46:11,306 INFO [main] [Logger.java:112] [Utils] MethodGroupsHelper.sortMethods() took 1 ms.
2023-02-25 12:46:11,308 INFO [main] [Logger.java:112] [Utils] MethodGroupsHelper.collectMethodsByGroup() took 0 ms.
2023-02-25 12:46:11,308 INFO [main] [Logger.java:112] [Utils] MethodGroupsHelper.sortMethods() took 0 ms.
2023-02-25 12:46:11,308 INFO [main] [Logger.java:112] [Utils] MethodGroupsHelper.collectMethodsByGroup() took 0 ms.
2023-02-25 12:46:11,308 INFO [main] [Logger.java:112] [Utils] MethodGroupsHelper.sortMethods() took 0 ms.
2023-02-25 12:46:11,308 INFO [main] [Logger.java:112] [Utils] MethodGroupsHelper.collectMethodsByGroup() took 0 ms.
2023-02-25 12:46:11,308 INFO [main] [Logger.java:112] [Utils] MethodGroupsHelper.sortMethods() took 0 ms.
2023-02-25 12:46:11,309 INFO [main] [Logger.java:112] [Utils] MethodGroupsHelper.collectMethodsByGroup() took 0 ms.
2023-02-25 12:46:11,309 INFO [main] [Logger.java:112] [Utils] MethodGroupsHelper.sortMethods() took 0 ms.
2023-02-25 12:46:11,309 INFO [main] [Logger.java:112] [Utils] MethodGroupsHelper.collectMethodsByGroup() took 0 ms.
2023-02-25 12:46:11,309 INFO [main] [Logger.java:112] [Utils] MethodGroupsHelper.sortMethods() took 0 ms.
2023-02-25 12:46:11,309 INFO [main] [Logger.java:112] [Utils] MethodGroupsHelper.collectMethodsByGroup() took 0 ms.
2023-02-25 12:46:11,309 INFO [main] [Logger.java:112] [Utils] MethodGroupsHelper.sortMethods() took 0 ms.
2023-02-25 12:46:11,310 INFO [main] [Logger.java:112] [Utils] MethodGroupsHelper.collectMethodsByGroup() took 0 ms.
2023-02-25 12:46:11,310 INFO [main] [Logger.java:112] [Utils] MethodGroupsHelper.sortMethods() took 0 ms.
2023-02-25 12:46:11,312 INFO [main] [Logger.java:112] [Utils] MethodGroupsHelper.collectMethodsByGroup() took 0 ms.
2023-02-25 12:46:11,312 INFO [main] [Logger.java:112] [Utils] MethodGroupsHelper.sortMethods() took 0 ms.
2023-02-25 12:46:11,313 INFO [main] [Logger.java:112] [Utils] MethodGroupsHelper.collectMethodsByGroup() took 0 ms.
2023-02-25 12:46:11,313 INFO [main] [Logger.java:112] [Utils] MethodGroupsHelper.sortMethods() took 0 ms.
2023-02-25 12:46:11,313 INFO [main] [Logger.java:112] [Utils] MethodGroupsHelper.collectMethodsByGroup() took 0 ms.
2023-02-25 12:46:11,313 INFO [main] [Logger.java:112] [Utils] MethodGroupsHelper.sortMethods() took 0 ms.
2023-02-25 12:46:11,314 INFO [main] [Logger.java:112] [Utils] MethodGroupsHelper.collectMethodsByGroup() took 0 ms.
2023-02-25 12:46:11,314 INFO [main] [Logger.java:112] [Utils] MethodGroupsHelper.sortMethods() took 0 ms.
2023-02-25 12:46:11,316 INFO [main] [Logger.java:112] [Utils] MethodGroupsHelper.collectMethodsByGroup() took 1 ms.
2023-02-25 12:46:11,326 INFO [main] [Logger.java:112] [Utils] MethodGroupsHelper.sortMethods() took 9 ms.
2023-02-25 12:46:11,327 INFO [main] [Logger.java:112] [Utils] MethodGroupsHelper.collectMethodsByGroup() took 0 ms.
2023-02-25 12:46:11,327 INFO [main] [Logger.java:112] [Utils] MethodGroupsHelper.sortMethods() took 0 ms.
2023-02-25 12:46:11,327 INFO [main] [Logger.java:112] [Utils] MethodGroupsHelper.collectMethodsByGroup() took 0 ms.
2023-02-25 12:46:11,327 INFO [main] [Logger.java:112] [Utils] MethodGroupsHelper.sortMethods() took 0 ms.
2023-02-25 12:46:11,343 INFO [main] [Logger.java:112] [Utils] DynamicGraphHelper.createDynamicGraph() took 4 ms.
2023-02-25 12:46:11,365 INFO [main] [Car.java:19] Car brand is mazda
2023-02-25 12:46:11,368 INFO [main] [Car.java:25] Car brand is jeep, color is green
2023-02-25 12:46:11,372 INFO [main] [Car.java:33] Car brand is honda, color is yellow, engine volume is 1.6
2023-02-25 12:46:11,374 INFO [main] [Car.java:41] Car brand is toyota, color is white, engine volume is 2.0, max speed is 180.0
2023-02-25 12:46:11,374 INFO [main] [Car.java:47] Car color was changed to blue
2023-02-25 12:46:11,375 INFO [main] [Car.java:25] Car brand is bmw, color is black
2023-02-25 12:46:11,376 INFO [main] [Car.java:47] Car color was changed to orange
2023-02-25 12:46:11,405 INFO [main] [Logger.java:112] [TestNG] Time taken by org.testng.internal.ExitCodeListener@49b2a47d: 0 ms
2023-02-25 12:46:11,425 INFO [main] [Logger.java:112] [TestNG] Time taken by org.testng.reporters.SuiteHTMLReporter@3b6d844d: 20 ms
2023-02-25 12:46:11,449 ERROR [main] [Logger.java:165] C:\Users\Karyna_Lepekha\Desktop\Automation\Automation course\TestNG\target\surefire-reports\jquery-3.6.0.min.js
java.nio.file.FileAlreadyExistsException: C:\Users\Karyna_Lepekha\Desktop\Automation\Automation course\TestNG\target\surefire-reports\jquery-3.6.0.min.js
	at java.base/sun.nio.fs.WindowsException.translateToIOException(WindowsException.java:87)
	at java.base/sun.nio.fs.WindowsException.rethrowAsIOException(WindowsException.java:103)
	at java.base/sun.nio.fs.WindowsException.rethrowAsIOException(WindowsException.java:108)
	at java.base/sun.nio.fs.WindowsFileSystemProvider.newByteChannel(WindowsFileSystemProvider.java:236)
	at java.base/java.nio.file.spi.FileSystemProvider.newOutputStream(FileSystemProvider.java:484)
	at java.base/java.nio.file.Files.newOutputStream(Files.java:228)
	at java.base/java.nio.file.Files.copy(Files.java:3161)
	at org.testng.reporters.jq.Main.generateReport(Main.java:95)
	at org.testng.TestNG.generateReports(TestNG.java:1134)
	at org.testng.TestNG.run(TestNG.java:1072)
	at org.apache.maven.surefire.testng.TestNGExecutor.run(TestNGExecutor.java:324)
	at org.apache.maven.surefire.testng.TestNGXmlTestSuite.execute(TestNGXmlTestSuite.java:74)
	at org.apache.maven.surefire.testng.TestNGProvider.invoke(TestNGProvider.java:123)
	at org.apache.maven.surefire.booter.ForkedBooter.runSuitesInProcess(ForkedBooter.java:456)
	at org.apache.maven.surefire.booter.ForkedBooter.execute(ForkedBooter.java:169)
	at org.apache.maven.surefire.booter.ForkedBooter.run(ForkedBooter.java:595)
	at org.apache.maven.surefire.booter.ForkedBooter.main(ForkedBooter.java:581)
2023-02-25 12:46:11,450 INFO [main] [Logger.java:112] [TestNG] Time taken by org.testng.reporters.jq.Main@1ebea008: 24 ms
2023-02-25 12:46:11,450 INFO [main] [Logger.java:112] [TestNG] Time taken by org.testng.reporters.FailedReporter@72d6b3ba: 0 ms
2023-02-25 12:46:11,456 INFO [main] [Logger.java:112] [TestNG] Time taken by org.testng.reporters.XMLReporter@2462cb01: 5 ms
2023-02-25 12:46:11,462 INFO [main] [Logger.java:112] [TestNG] Time taken by org.testng.reporters.EmailableReporter2@a1f72f5: 6 ms
2023-02-25 12:46:11,465 INFO [main] [Logger.java:112] [TestNG] Time taken by org.testng.reporters.JUnitReportReporter@3b5fad2d: 3 ms
2023-02-26 12:32:04,260 INFO [main] [Logger.java:112] [Utils] MethodGroupsHelper.collectMethodsByGroup() took 0 ms.
2023-02-26 12:32:04,265 INFO [main] [Logger.java:112] [Utils] MethodGroupsHelper.sortMethods() took 1 ms.
2023-02-26 12:32:04,266 INFO [main] [Logger.java:112] [Utils] MethodGroupsHelper.collectMethodsByGroup() took 0 ms.
2023-02-26 12:32:04,266 INFO [main] [Logger.java:112] [Utils] MethodGroupsHelper.sortMethods() took 0 ms.
2023-02-26 12:32:04,266 INFO [main] [Logger.java:112] [Utils] MethodGroupsHelper.collectMethodsByGroup() took 0 ms.
2023-02-26 12:32:04,266 INFO [main] [Logger.java:112] [Utils] MethodGroupsHelper.sortMethods() took 0 ms.
2023-02-26 12:32:04,267 INFO [main] [Logger.java:112] [Utils] MethodGroupsHelper.collectMethodsByGroup() took 0 ms.
2023-02-26 12:32:04,267 INFO [main] [Logger.java:112] [Utils] MethodGroupsHelper.sortMethods() took 0 ms.
2023-02-26 12:32:04,267 INFO [main] [Logger.java:112] [Utils] MethodGroupsHelper.collectMethodsByGroup() took 0 ms.
2023-02-26 12:32:04,267 INFO [main] [Logger.java:112] [Utils] MethodGroupsHelper.sortMethods() took 0 ms.
2023-02-26 12:32:04,267 INFO [main] [Logger.java:112] [Utils] MethodGroupsHelper.collectMethodsByGroup() took 0 ms.
2023-02-26 12:32:04,267 INFO [main] [Logger.java:112] [Utils] MethodGroupsHelper.sortMethods() took 0 ms.
2023-02-26 12:32:04,268 INFO [main] [Logger.java:112] [Utils] MethodGroupsHelper.collectMethodsByGroup() took 0 ms.
2023-02-26 12:32:04,268 INFO [main] [Logger.java:112] [Utils] MethodGroupsHelper.sortMethods() took 0 ms.
2023-02-26 12:32:04,268 INFO [main] [Logger.java:112] [Utils] MethodGroupsHelper.collectMethodsByGroup() took 0 ms.
2023-02-26 12:32:04,268 INFO [main] [Logger.java:112] [Utils] MethodGroupsHelper.sortMethods() took 0 ms.
2023-02-26 12:32:04,270 INFO [main] [Logger.java:112] [Utils] MethodGroupsHelper.collectMethodsByGroup() took 0 ms.
2023-02-26 12:32:04,271 INFO [main] [Logger.java:112] [Utils] MethodGroupsHelper.sortMethods() took 0 ms.
2023-02-26 12:32:04,271 INFO [main] [Logger.java:112] [Utils] MethodGroupsHelper.collectMethodsByGroup() took 0 ms.
2023-02-26 12:32:04,271 INFO [main] [Logger.java:112] [Utils] MethodGroupsHelper.sortMethods() took 0 ms.
2023-02-26 12:32:04,272 INFO [main] [Logger.java:112] [Utils] MethodGroupsHelper.collectMethodsByGroup() took 0 ms.
2023-02-26 12:32:04,272 INFO [main] [Logger.java:112] [Utils] MethodGroupsHelper.sortMethods() took 0 ms.
2023-02-26 12:32:04,272 INFO [main] [Logger.java:112] [Utils] MethodGroupsHelper.collectMethodsByGroup() took 0 ms.
2023-02-26 12:32:04,272 INFO [main] [Logger.java:112] [Utils] MethodGroupsHelper.sortMethods() took 0 ms.
2023-02-26 12:32:04,275 INFO [main] [Logger.java:112] [Utils] MethodGroupsHelper.collectMethodsByGroup() took 2 ms.
2023-02-26 12:32:04,285 INFO [main] [Logger.java:112] [Utils] MethodGroupsHelper.sortMethods() took 8 ms.
2023-02-26 12:32:04,286 INFO [main] [Logger.java:112] [Utils] MethodGroupsHelper.collectMethodsByGroup() took 0 ms.
2023-02-26 12:32:04,287 INFO [main] [Logger.java:112] [Utils] MethodGroupsHelper.sortMethods() took 0 ms.
2023-02-26 12:32:04,287 INFO [main] [Logger.java:112] [Utils] MethodGroupsHelper.collectMethodsByGroup() took 0 ms.
2023-02-26 12:32:04,287 INFO [main] [Logger.java:112] [Utils] MethodGroupsHelper.sortMethods() took 0 ms.
2023-02-26 12:32:04,302 INFO [main] [Logger.java:112] [Utils] DynamicGraphHelper.createDynamicGraph() took 3 ms.
2023-02-26 12:32:04,324 INFO [main] [Car.java:19] Car brand is mazda
2023-02-26 12:32:04,327 INFO [main] [Car.java:25] Car brand is jeep, color is green
2023-02-26 12:32:04,328 INFO [main] [Car.java:33] Car brand is honda, color is yellow, engine volume is 1.6
2023-02-26 12:32:04,330 INFO [main] [Car.java:41] Car brand is toyota, color is white, engine volume is 2.0, max speed is 180.0
2023-02-26 12:32:04,330 INFO [main] [Car.java:47] Car color was changed to blue
2023-02-26 12:32:04,332 INFO [main] [Car.java:25] Car brand is bmw, color is black
2023-02-26 12:32:04,332 INFO [main] [Car.java:47] Car color was changed to orange
2023-02-26 12:32:04,360 INFO [main] [Logger.java:112] [TestNG] Time taken by org.testng.internal.ExitCodeListener@49b2a47d: 0 ms
2023-02-26 12:32:04,381 INFO [main] [Logger.java:112] [TestNG] Time taken by org.testng.reporters.SuiteHTMLReporter@3b6d844d: 19 ms
2023-02-26 12:32:04,405 ERROR [main] [Logger.java:165] C:\Users\Karyna_Lepekha\Desktop\Automation\Automation course\TestNG\target\surefire-reports\jquery-3.6.0.min.js
java.nio.file.FileAlreadyExistsException: C:\Users\Karyna_Lepekha\Desktop\Automation\Automation course\TestNG\target\surefire-reports\jquery-3.6.0.min.js
	at java.base/sun.nio.fs.WindowsException.translateToIOException(WindowsException.java:87)
	at java.base/sun.nio.fs.WindowsException.rethrowAsIOException(WindowsException.java:103)
	at java.base/sun.nio.fs.WindowsException.rethrowAsIOException(WindowsException.java:108)
	at java.base/sun.nio.fs.WindowsFileSystemProvider.newByteChannel(WindowsFileSystemProvider.java:236)
	at java.base/java.nio.file.spi.FileSystemProvider.newOutputStream(FileSystemProvider.java:484)
	at java.base/java.nio.file.Files.newOutputStream(Files.java:228)
	at java.base/java.nio.file.Files.copy(Files.java:3161)
	at org.testng.reporters.jq.Main.generateReport(Main.java:95)
	at org.testng.TestNG.generateReports(TestNG.java:1134)
	at org.testng.TestNG.run(TestNG.java:1072)
	at org.apache.maven.surefire.testng.TestNGExecutor.run(TestNGExecutor.java:324)
	at org.apache.maven.surefire.testng.TestNGXmlTestSuite.execute(TestNGXmlTestSuite.java:74)
	at org.apache.maven.surefire.testng.TestNGProvider.invoke(TestNGProvider.java:123)
	at org.apache.maven.surefire.booter.ForkedBooter.runSuitesInProcess(ForkedBooter.java:456)
	at org.apache.maven.surefire.booter.ForkedBooter.execute(ForkedBooter.java:169)
	at org.apache.maven.surefire.booter.ForkedBooter.run(ForkedBooter.java:595)
	at org.apache.maven.surefire.booter.ForkedBooter.main(ForkedBooter.java:581)
2023-02-26 12:32:04,407 INFO [main] [Logger.java:112] [TestNG] Time taken by org.testng.reporters.jq.Main@1ebea008: 26 ms
2023-02-26 12:32:04,407 INFO [main] [Logger.java:112] [TestNG] Time taken by org.testng.reporters.FailedReporter@72d6b3ba: 0 ms
2023-02-26 12:32:04,413 INFO [main] [Logger.java:112] [TestNG] Time taken by org.testng.reporters.XMLReporter@2462cb01: 6 ms
2023-02-26 12:32:04,418 INFO [main] [Logger.java:112] [TestNG] Time taken by org.testng.reporters.EmailableReporter2@a1f72f5: 3 ms
2023-02-26 12:32:04,451 INFO [main] [Logger.java:112] [TestNG] Time taken by org.testng.reporters.JUnitReportReporter@3b5fad2d: 33 ms
2023-02-26 12:32:22,047 INFO [main] [Logger.java:112] [Utils] MethodGroupsHelper.collectMethodsByGroup() took 1 ms.
2023-02-26 12:32:22,051 INFO [main] [Logger.java:112] [Utils] MethodGroupsHelper.sortMethods() took 0 ms.
2023-02-26 12:32:22,052 INFO [main] [Logger.java:112] [Utils] MethodGroupsHelper.collectMethodsByGroup() took 0 ms.
2023-02-26 12:32:22,052 INFO [main] [Logger.java:112] [Utils] MethodGroupsHelper.sortMethods() took 0 ms.
2023-02-26 12:32:22,053 INFO [main] [Logger.java:112] [Utils] MethodGroupsHelper.collectMethodsByGroup() took 0 ms.
2023-02-26 12:32:22,053 INFO [main] [Logger.java:112] [Utils] MethodGroupsHelper.sortMethods() took 0 ms.
2023-02-26 12:32:22,053 INFO [main] [Logger.java:112] [Utils] MethodGroupsHelper.collectMethodsByGroup() took 0 ms.
2023-02-26 12:32:22,053 INFO [main] [Logger.java:112] [Utils] MethodGroupsHelper.sortMethods() took 0 ms.
2023-02-26 12:32:22,053 INFO [main] [Logger.java:112] [Utils] MethodGroupsHelper.collectMethodsByGroup() took 0 ms.
2023-02-26 12:32:22,053 INFO [main] [Logger.java:112] [Utils] MethodGroupsHelper.sortMethods() took 0 ms.
2023-02-26 12:32:22,053 INFO [main] [Logger.java:112] [Utils] MethodGroupsHelper.collectMethodsByGroup() took 0 ms.
2023-02-26 12:32:22,053 INFO [main] [Logger.java:112] [Utils] MethodGroupsHelper.sortMethods() took 0 ms.
2023-02-26 12:32:22,053 INFO [main] [Logger.java:112] [Utils] MethodGroupsHelper.collectMethodsByGroup() took 0 ms.
2023-02-26 12:32:22,053 INFO [main] [Logger.java:112] [Utils] MethodGroupsHelper.sortMethods() took 0 ms.
2023-02-26 12:32:22,054 INFO [main] [Logger.java:112] [Utils] MethodGroupsHelper.collectMethodsByGroup() took 0 ms.
2023-02-26 12:32:22,054 INFO [main] [Logger.java:112] [Utils] MethodGroupsHelper.sortMethods() took 0 ms.
2023-02-26 12:32:22,056 INFO [main] [Logger.java:112] [Utils] MethodGroupsHelper.collectMethodsByGroup() took 0 ms.
2023-02-26 12:32:22,056 INFO [main] [Logger.java:112] [Utils] MethodGroupsHelper.sortMethods() took 0 ms.
2023-02-26 12:32:22,057 INFO [main] [Logger.java:112] [Utils] MethodGroupsHelper.collectMethodsByGroup() took 0 ms.
2023-02-26 12:32:22,057 INFO [main] [Logger.java:112] [Utils] MethodGroupsHelper.sortMethods() took 0 ms.
2023-02-26 12:32:22,057 INFO [main] [Logger.java:112] [Utils] MethodGroupsHelper.collectMethodsByGroup() took 0 ms.
2023-02-26 12:32:22,058 INFO [main] [Logger.java:112] [Utils] MethodGroupsHelper.sortMethods() took 0 ms.
2023-02-26 12:32:22,058 INFO [main] [Logger.java:112] [Utils] MethodGroupsHelper.collectMethodsByGroup() took 0 ms.
2023-02-26 12:32:22,058 INFO [main] [Logger.java:112] [Utils] MethodGroupsHelper.sortMethods() took 0 ms.
2023-02-26 12:32:22,061 INFO [main] [Logger.java:112] [Utils] MethodGroupsHelper.collectMethodsByGroup() took 2 ms.
2023-02-26 12:32:22,069 INFO [main] [Logger.java:112] [Utils] MethodGroupsHelper.sortMethods() took 7 ms.
2023-02-26 12:32:22,070 INFO [main] [Logger.java:112] [Utils] MethodGroupsHelper.collectMethodsByGroup() took 0 ms.
2023-02-26 12:32:22,071 INFO [main] [Logger.java:112] [Utils] MethodGroupsHelper.sortMethods() took 0 ms.
2023-02-26 12:32:22,071 INFO [main] [Logger.java:112] [Utils] MethodGroupsHelper.collectMethodsByGroup() took 0 ms.
2023-02-26 12:32:22,071 INFO [main] [Logger.java:112] [Utils] MethodGroupsHelper.sortMethods() took 0 ms.
2023-02-26 12:32:22,085 INFO [main] [Logger.java:112] [Utils] DynamicGraphHelper.createDynamicGraph() took 2 ms.
2023-02-26 12:32:22,164 INFO [main] [Logger.java:112] [TestNG] Time taken by org.testng.internal.ExitCodeListener@5f9edf14: 0 ms
2023-02-26 12:32:22,183 INFO [main] [Logger.java:112] [TestNG] Time taken by org.testng.reporters.SuiteHTMLReporter@4149c063: 19 ms
2023-02-26 12:32:22,208 ERROR [main] [Logger.java:165] C:\Users\Karyna_Lepekha\Desktop\Automation\Automation course\TestNG\target\surefire-reports\jquery-3.6.0.min.js
java.nio.file.FileAlreadyExistsException: C:\Users\Karyna_Lepekha\Desktop\Automation\Automation course\TestNG\target\surefire-reports\jquery-3.6.0.min.js
	at java.base/sun.nio.fs.WindowsException.translateToIOException(WindowsException.java:87)
	at java.base/sun.nio.fs.WindowsException.rethrowAsIOException(WindowsException.java:103)
	at java.base/sun.nio.fs.WindowsException.rethrowAsIOException(WindowsException.java:108)
	at java.base/sun.nio.fs.WindowsFileSystemProvider.newByteChannel(WindowsFileSystemProvider.java:236)
	at java.base/java.nio.file.spi.FileSystemProvider.newOutputStream(FileSystemProvider.java:484)
	at java.base/java.nio.file.Files.newOutputStream(Files.java:228)
	at java.base/java.nio.file.Files.copy(Files.java:3161)
	at org.testng.reporters.jq.Main.generateReport(Main.java:95)
	at org.testng.TestNG.generateReports(TestNG.java:1134)
	at org.testng.TestNG.run(TestNG.java:1072)
	at org.apache.maven.surefire.testng.TestNGExecutor.run(TestNGExecutor.java:324)
	at org.apache.maven.surefire.testng.TestNGXmlTestSuite.execute(TestNGXmlTestSuite.java:74)
	at org.apache.maven.surefire.testng.TestNGProvider.invoke(TestNGProvider.java:123)
	at org.apache.maven.surefire.booter.ForkedBooter.runSuitesInProcess(ForkedBooter.java:456)
	at org.apache.maven.surefire.booter.ForkedBooter.execute(ForkedBooter.java:169)
	at org.apache.maven.surefire.booter.ForkedBooter.run(ForkedBooter.java:595)
	at org.apache.maven.surefire.booter.ForkedBooter.main(ForkedBooter.java:581)
2023-02-26 12:32:22,210 INFO [main] [Logger.java:112] [TestNG] Time taken by org.testng.reporters.jq.Main@31edaa7d: 26 ms
2023-02-26 12:32:22,211 INFO [main] [Logger.java:112] [TestNG] Time taken by org.testng.reporters.FailedReporter@26adfd2d: 1 ms
2023-02-26 12:32:22,221 INFO [main] [Logger.java:112] [TestNG] Time taken by org.testng.reporters.XMLReporter@5e21e98f: 10 ms
2023-02-26 12:32:22,226 INFO [main] [Logger.java:112] [TestNG] Time taken by org.testng.reporters.EmailableReporter2@2a7ed1f: 5 ms
2023-02-26 12:32:22,230 INFO [main] [Logger.java:112] [TestNG] Time taken by org.testng.reporters.JUnitReportReporter@495ee280: 4 ms
